[2020-01-21 14:16:31.038] [exthost] [info] extension host started
[2020-01-21 14:16:31.152] [exthost] [info] ExtensionService#_doActivateExtension vscode.emmet {"startup":false,"extensionId":{"value":"vscode.emmet","_lower":"vscode.emmet"},"activationEvent":"onLanguage:html"}
[2020-01-21 14:16:31.152] [exthost] [info] ExtensionService#loadCommonJSModule file:///opt/visual-studio-code-insiders/resources/app/extensions/emmet/dist/extension
[2020-01-21 14:16:31.183] [exthost] [info] ExtensionService#_doActivateExtension vscode.html-language-features {"startup":false,"extensionId":{"value":"vscode.html-language-features","_lower":"vscode.html-language-features"},"activationEvent":"onLanguage:html"}
[2020-01-21 14:16:31.183] [exthost] [info] ExtensionService#loadCommonJSModule file:///opt/visual-studio-code-insiders/resources/app/extensions/html-language-features/client/dist/htmlMain
[2020-01-21 14:16:31.210] [exthost] [info] ExtensionService#_doActivateExtension vscode.debug-auto-launch {"startup":true,"extensionId":{"value":"vscode.debug-auto-launch","_lower":"vscode.debug-auto-launch"},"activationEvent":"*"}
[2020-01-21 14:16:31.210] [exthost] [info] ExtensionService#loadCommonJSModule file:///opt/visual-studio-code-insiders/resources/app/extensions/debug-auto-launch/dist/extension
[2020-01-21 14:16:31.220] [exthost] [info] ExtensionService#_doActivateExtension vscode.git {"startup":true,"extensionId":{"value":"vscode.git","_lower":"vscode.git"},"activationEvent":"*"}
[2020-01-21 14:16:31.221] [exthost] [info] ExtensionService#loadCommonJSModule file:///opt/visual-studio-code-insiders/resources/app/extensions/git/dist/main
[2020-01-21 14:16:31.250] [exthost] [info] ExtensionService#_doActivateExtension vscode.merge-conflict {"startup":true,"extensionId":{"value":"vscode.merge-conflict","_lower":"vscode.merge-conflict"},"activationEvent":"*"}
[2020-01-21 14:16:31.250] [exthost] [info] ExtensionService#loadCommonJSModule file:///opt/visual-studio-code-insiders/resources/app/extensions/merge-conflict/dist/extension
[2020-01-21 14:16:31.254] [exthost] [info] ExtensionService#_doActivateExtension vscode.search-result {"startup":true,"extensionId":{"value":"vscode.search-result","_lower":"vscode.search-result"},"activationEvent":"*"}
[2020-01-21 14:16:31.254] [exthost] [info] ExtensionService#loadCommonJSModule file:///opt/visual-studio-code-insiders/resources/app/extensions/search-result/dist/extension.js
[2020-01-21 14:16:31.255] [exthost] [info] eager extensions activated
[2020-01-21 14:17:42.472] [exthost] [info] ExtensionService#_doActivateExtension vscode.configuration-editing {"startup":false,"extensionId":{"value":"vscode.configuration-editing","_lower":"vscode.configuration-editing"},"activationEvent":"onLanguage:json"}
[2020-01-21 14:17:42.472] [exthost] [info] ExtensionService#loadCommonJSModule file:///opt/visual-studio-code-insiders/resources/app/extensions/configuration-editing/dist/extension
[2020-01-21 14:17:42.481] [exthost] [info] ExtensionService#_doActivateExtension vscode.extension-editing {"startup":false,"extensionId":{"value":"vscode.extension-editing","_lower":"vscode.extension-editing"},"activationEvent":"onLanguage:json"}
[2020-01-21 14:17:42.482] [exthost] [info] ExtensionService#loadCommonJSModule file:///opt/visual-studio-code-insiders/resources/app/extensions/extension-editing/dist/extension
[2020-01-21 14:17:42.501] [exthost] [info] ExtensionService#_doActivateExtension vscode.json-language-features {"startup":false,"extensionId":{"value":"vscode.json-language-features","_lower":"vscode.json-language-features"},"activationEvent":"onLanguage:json"}
[2020-01-21 14:17:42.501] [exthost] [info] ExtensionService#loadCommonJSModule file:///opt/visual-studio-code-insiders/resources/app/extensions/json-language-features/client/dist/jsonMain
[2020-01-21 14:17:42.547] [exthost] [info] ExtensionService#_doActivateExtension vscode.npm {"startup":false,"extensionId":{"value":"vscode.npm","_lower":"vscode.npm"},"activationEvent":"onLanguage:json"}
[2020-01-21 14:17:42.547] [exthost] [info] ExtensionService#loadCommonJSModule file:///opt/visual-studio-code-insiders/resources/app/extensions/npm/dist/main
[2020-01-21 14:17:52.551] [exthost] [info] ExtensionService#_doActivateExtension vscode.typescript-language-features {"startup":false,"extensionId":{"value":"vscode.typescript-language-features","_lower":"vscode.typescript-language-features"},"activationEvent":"onLanguage:jsonc"}
[2020-01-21 14:17:52.551] [exthost] [info] ExtensionService#loadCommonJSModule file:///opt/visual-studio-code-insiders/resources/app/extensions/typescript-language-features/dist/extension
