00:00:00.000310 main     VirtualBox XPCOM Server 6.1.0 r135406 linux.amd64 (Dec 12 2019 21:11:25) release log
00:00:00.000312 main     Log opened 2020-01-12T13:56:49.699676000Z
00:00:00.000313 main     Build Type: release
00:00:00.000318 main     OS Product: Linux
00:00:00.000319 main     OS Release: 5.4.10-arch1-1
00:00:00.000321 main     OS Version: #1 SMP PREEMPT Thu, 09 Jan 2020 10:14:29 +0000
00:00:00.000338 main     DMI Product Name: TM1709
00:00:00.000345 main     DMI Product Version: Mi Laptop 15.6
00:00:00.000349 main     Firmware type: UEFI
00:00:00.001135 main     Secure Boot: Disabled
00:00:00.001194 main     Host RAM: 7869MB (7.6GB) total, 6507MB (6.3GB) available
00:00:00.001198 main     Executable: /usr/lib/virtualbox/VBoxSVC
00:00:00.001199 main     Process ID: 13305
00:00:00.001200 main     Package type: LINUX_64BITS_GENERIC (OSE)
00:00:00.003248 main     IPC socket path: /tmp/.vbox-harold-ipc/ipcd
00:00:00.108993 nspr-2   VirtualBox: object creation starts
00:00:00.109138 nspr-2   Home directory: '/home/harold/.config/VirtualBox'
00:00:00.109304 nspr-2   Loading settings file "/home/harold/.config/VirtualBox/VirtualBox.xml" with version "1.12-linux"
00:00:00.115904 nspr-2   NetIfAdpCtlOut: VBoxNetAdpCtl: Error while retrieving link status for wlp2s0: VBoxNetAdpCtl: ioctl failed: Operation not supported
00:00:00.116532 nspr-2   HostDnsMonitor: initializing
00:00:00.116875 nspr-2   NAT: resolv.conf: nameserver 192.168.1.1
00:00:00.116894 nspr-2   HostDnsMonitor: updating information
00:00:00.116911 nspr-2   HostDnsMonitor: old information
00:00:00.116914 nspr-2     no server entries
00:00:00.116917 nspr-2     no domain set
00:00:00.116919 nspr-2     no search string entries
00:00:00.116922 nspr-2   HostDnsMonitor: new information
00:00:00.116924 nspr-2     server 1: 192.168.1.1
00:00:00.116927 nspr-2     no domain set
00:00:00.116930 nspr-2     no search string entries
00:00:00.120127 nspr-2   VD: VDInit finished with VINF_SUCCESS
00:00:00.120275 nspr-2   ERROR [COM]: aRC=NS_ERROR_FAILURE (0x80004005) aIID={027bc463-929c-40e8-bf16-fea557cd8e7e} aComponent={SystemPropertiesWrap} aText={Cannot determine default Guest Additions ISO location. Most likely they are not available}, preserve=false aResultDetail=0
00:00:00.127259 nspr-2   Loading settings file "/home/harold/VirtualBox VMs/Arch Linux/Arch Linux.vbox" with version "1.16-linux"
00:00:00.127930 nspr-2   VirtualBox: object created
00:00:00.719200 nspr-2   WARNING [COM]: aRC=NS_ERROR_FAILURE (0x80004005) aIID={16ced992-5fdc-4aba-aff5-6a39bbd7c38b} aComponent={HostWrap} aText={VirtualBox is not currently allowed to access USB devices.  You can change this by adding your user to the 'vboxusers' group.  Please see the user manual for a more detailed explanation}, preserve=true  aResultDetail=0
00:00:01.051899 nspr-2   WARNING [COM]: aRC=NS_ERROR_FAILURE (0x80004005) aIID={16ced992-5fdc-4aba-aff5-6a39bbd7c38b} aComponent={HostWrap} aText={VirtualBox is not currently allowed to access USB devices.  You can change this by adding your user to the 'vboxusers' group.  Please see the user manual for a more detailed explanation}, preserve=true  aResultDetail=0
00:00:01.056003 nspr-4   WARNING [COM]: aRC=NS_ERROR_FAILURE (0x80004005) aIID={16ced992-5fdc-4aba-aff5-6a39bbd7c38b} aComponent={HostWrap} aText={VirtualBox is not currently allowed to access USB devices.  You can change this by adding your user to the 'vboxusers' group.  Please see the user manual for a more detailed explanation}, preserve=true  aResultDetail=0
00:00:04.965617 nspr-4   WARNING [COM]: aRC=NS_ERROR_FAILURE (0x80004005) aIID={16ced992-5fdc-4aba-aff5-6a39bbd7c38b} aComponent={HostWrap} aText={VirtualBox is not currently allowed to access USB devices.  You can change this by adding your user to the 'vboxusers' group.  Please see the user manual for a more detailed explanation}, preserve=true  aResultDetail=0
00:00:05.331013 nspr-3   NetIfAdpCtlOut: VBoxNetAdpCtl: Error while retrieving link status for wlp2s0: VBoxNetAdpCtl: ioctl failed: Operation not supported
00:00:05.338532 nspr-3   NetIfAdpCtlOut: VBoxNetAdpCtl: Error while retrieving link status for wlp2s0: VBoxNetAdpCtl: ioctl failed: Operation not supported
00:00:05.348439 nspr-4   WARNING [COM]: aRC=NS_ERROR_FAILURE (0x80004005) aIID={16ced992-5fdc-4aba-aff5-6a39bbd7c38b} aComponent={HostWrap} aText={VirtualBox is not currently allowed to access USB devices.  You can change this by adding your user to the 'vboxusers' group.  Please see the user manual for a more detailed explanation}, preserve=true  aResultDetail=0
00:00:05.348796 nspr-3   WARNING [COM]: aRC=NS_ERROR_FAILURE (0x80004005) aIID={16ced992-5fdc-4aba-aff5-6a39bbd7c38b} aComponent={HostWrap} aText={VirtualBox is not currently allowed to access USB devices.  You can change this by adding your user to the 'vboxusers' group.  Please see the user manual for a more detailed explanation}, preserve=true  aResultDetail=0
00:00:05.637033 nspr-3   WARNING [COM]: aRC=NS_ERROR_FAILURE (0x80004005) aIID={16ced992-5fdc-4aba-aff5-6a39bbd7c38b} aComponent={HostWrap} aText={VirtualBox is not currently allowed to access USB devices.  You can change this by adding your user to the 'vboxusers' group.  Please see the user manual for a more detailed explanation}, preserve=true  aResultDetail=0
00:00:05.638896 nspr-3   WARNING [COM]: aRC=NS_ERROR_FAILURE (0x80004005) aIID={16ced992-5fdc-4aba-aff5-6a39bbd7c38b} aComponent={HostWrap} aText={VirtualBox is not currently allowed to access USB devices.  You can change this by adding your user to the 'vboxusers' group.  Please see the user manual for a more detailed explanation}, preserve=true  aResultDetail=0
00:00:09.898738 nspr-2   Saving settings file "/home/harold/.config/VirtualBox/VirtualBox.xml" with version "1.12-linux"
00:00:11.438296 nspr-3   Saving settings file "/home/harold/.config/VirtualBox/VirtualBox.xml" with version "1.12-linux"
00:00:11.447938 nspr-3   Saving settings file "/home/harold/.config/VirtualBox/VirtualBox.xml" with version "1.12-linux"
00:00:11.453597 nspr-4   Saving settings file "/home/harold/.config/VirtualBox/VirtualBox.xml" with version "1.12-linux"
00:00:16.982012 main     VirtualBox: object deletion starts
00:00:16.982221 main     HostDnsMonitor: shutting down ...
00:00:16.996927 main     HostDnsMonitor: shut down
00:00:17.015553 Watcher  ERROR [COM]: aRC=E_ACCESSDENIED (0x80070005) aIID={d0a0163f-e254-4e5b-a1f2-011cf991c38d} aComponent={VirtualBoxWrap} aText={The object is not ready}, preserve=false aResultDetail=0
00:00:21.997143 main     {00007f539c017eb0} HostPowerServiceLinux::~HostPowerServiceLinux: RTThreadWait() for 5000 ms failed with VERR_TIMEOUT
00:00:21.997702 main     VirtualBox: object deleted
